d:\new\new\medlist\medlist\debug\vc141.pdb
d:\new\new\medlist\medlist\debug\vhod.obj
d:\new\new\medlist\medlist\debug\searchform.obj
d:\new\new\medlist\medlist\debug\newfileadd.obj
d:\new\new\medlist\medlist\debug\mygameform.obj
d:\new\new\medlist\medlist\debug\mainformforuser.obj
d:\new\new\medlist\medlist\debug\mainform.obj
d:\new\new\medlist\medlist\debug\editform.obj
d:\new\new\medlist\medlist\debug\delstrmyform.obj
d:\new\new\medlist\medlist\debug\addform.obj
d:\new\new\medlist\medlist\debug\.netframework,version=v4.6.1.assemblyattributes.obj
d:\new\new\medlist\medlist\debug\.netframework,version=v4.6.1.assemblyattributes.asm
d:\new\new\medlist\debug\medlist.exe
d:\new\new\medlist\debug\medlist.pdb
d:\new\new\medlist\medlist\debug\medlist.addform.resources
d:\new\new\medlist\medlist\debug\medlist.delstrmyform.resources
d:\new\new\medlist\medlist\debug\medlist.editform.resources
d:\new\new\medlist\medlist\debug\medlist.mainform.resources
d:\new\new\medlist\medlist\debug\medlist.mainformforuser.resources
d:\new\new\medlist\medlist\debug\medlist.mygameform.resources
d:\new\new\medlist\medlist\debug\medlist.newfileadd.resources
d:\new\new\medlist\medlist\debug\medlist.searchform.resources
d:\new\new\medlist\medlist\debug\medlist.vhod.resources
d:\new\new\medlist\medlist\debug\medlist.vcxproj.generateresource.cache
d:\new\new\medlist\medlist\debug\medlist.vcxprojassemblyreference.cache
d:\new\new\medlist\medlist\debug\medlist.tlog\cl.command.1.tlog
d:\new\new\medlist\medlist\debug\medlist.tlog\cl.read.1.tlog
d:\new\new\medlist\medlist\debug\medlist.tlog\cl.write.1.tlog
d:\new\new\medlist\medlist\debug\medlist.tlog\link.command.1.tlog
d:\new\new\medlist\medlist\debug\medlist.tlog\link.read.1.tlog
d:\new\new\medlist\medlist\debug\medlist.tlog\link.write.1.tlog
d:\new\new\medlist\medlist\debug\medlist.tlog\medlist.write.1u.tlog
d:\new\new\medlist\medlist\debug\medlist.tlog\metagen.read.1.tlog
d:\new\new\medlist\medlist\debug\medlist.tlog\metagen.write.1.tlog
